[X] Q: 'get_position'  RAW: b'get_position 274336\r\n'  RESP: 'get_position 274336'
[Y] Q: 'get_position'  RAW: b'get_position 3\r\n'  RESP: 'get_position 3'
[Z] Q: 'get_position'  RAW: b'get_position -12\r\n'  RESP: 'get_position -12'
[X] Q: 'get_status'  RAW: b'get_status 0\r\n'  RESP: 'get_status 0'
[Y] Q: 'get_status'  RAW: b'get_status 0\r\n'  RESP: 'get_status 0'
[Z] Q: 'get_status'  RAW: b'get_status 0\r\n'  RESP: 'get_status 0'
[Rot] Q: 'get_status'  RAW: b'get_status 4096\r\n'  RESP: 'get_status 4096'
[X] Q: 'get_position'  RAW: b'get_position 274336\r\n'  RESP: 'get_position 274336'
[Y] Q: 'get_position'  RAW: b'get_position 3\r\n'  RESP: 'get_position 3'
[Z] Q: 'get_position'  RAW: b'get_position -12\r\n'  RESP: 'get_position -12'
[X] Q: 'get_status'  RAW: b'get_status 0\r\n'  RESP: 'get_status 0'
[Y] Q: 'get_status'  RAW: b'get_status 0\r\n'  RESP: 'get_status 0'
[Z] Q: 'get_status'  RAW: b'get_status 0\r\n'  RESP: 'get_status 0'
[Rot] Q: 'get_status'  RAW: b'get_status 4096\r\n'  RESP: 'get_status 4096'
[X] Q: 'get_position'  RAW: b'get_position 274336\r\n'  RESP: 'get_position 274336'
[Y] Q: 'get_position'  RAW: b'get_position 3\r\n'  RESP: 'get_position 3'
[Z] Q: 'get_position'  RAW: b'get_position -12\r\n'  RESP: 'get_position -12'
[X] Q: 'get_status'  RAW: b'get_status 0\r\n'  RESP: 'get_status 0'
[Y] Q: 'get_status'  RAW: b'get_status 0\r\n'  RESP: 'get_status 0'
[Z] Q: 'get_status'  RAW: b'get_status 0\r\n'  RESP: 'get_status 0'
[Rot] Q: 'get_status'  RAW: b'get_status 4096\r\n'  RESP: 'get_status 4096'
